d:\github\shua-ti\project1\project1\debug\vc141.pdb
d:\github\shua-ti\project1\project1\debug\vc141.idb
d:\github\shua-ti\project1\project1\debug\9.obj
d:\github\shua-ti\project1\project1\debug\8.obj
d:\github\shua-ti\project1\project1\debug\7.obj
d:\github\shua-ti\project1\project1\debug\6.obj
d:\github\shua-ti\project1\project1\debug\5.obj
d:\github\shua-ti\project1\project1\debug\4.obj
d:\github\shua-ti\project1\project1\debug\3.obj
d:\github\shua-ti\project1\project1\debug\2.obj
d:\github\shua-ti\project1\project1\debug\14.obj
d:\github\shua-ti\project1\project1\debug\13.obj
d:\github\shua-ti\project1\project1\debug\12.obj
d:\github\shua-ti\project1\project1\debug\11.obj
d:\github\shua-ti\project1\project1\debug\10.obj
d:\github\shua-ti\project1\project1\debug\1.obj
d:\github\shua-ti\project1\debug\project1.exe
d:\github\shua-ti\project1\debug\project1.ilk
d:\github\shua-ti\project1\debug\project1.pdb
d:\github\shua-ti\project1\project1\debug\project1.tlog\cl.command.1.tlog
d:\github\shua-ti\project1\project1\debug\project1.tlog\cl.read.1.tlog
d:\github\shua-ti\project1\project1\debug\project1.tlog\cl.write.1.tlog
d:\github\shua-ti\project1\project1\debug\project1.tlog\link.command.1.tlog
d:\github\shua-ti\project1\project1\debug\project1.tlog\link.read.1.tlog
d:\github\shua-ti\project1\project1\debug\project1.tlog\link.write.1.tlog
